<?xml version="1.0" encoding="UTF-8"?>
<!-- Generated by org.testng.reporters.JUnitXMLReporter -->
<testsuite ignored="0" hostname="Ankit-LEGION" failures="1" tests="12" name="XYZ Bank App Test Cases" time="51.533" errors="0" timestamp="07 Mar 2024 18:04:59 GMT">
  <testcase classname="com.xyz.qa.testcases.LoginPageTest" name="customerLoginTest" time="0.779"/>
  <testcase classname="com.xyz.qa.testcases.LoginPageTest" name="loginPageTitleTest" time="0.01"/>
  <testcase classname="com.xyz.qa.testcases.ManagerAddCustomerPageTest" name="verifyAddCustomerAlertMessage" time="1.709"/>
  <testcase classname="com.xyz.qa.testcases.ManagerAddCustomerPageTest" name="verifyInvalidDataAlertMessage" time="1.739">
    <failure type="java.lang.AssertionError" message="expected [true] but found [false]">
      <![CDATA[java.lang.AssertionError: expected [true] but found [false]
	at com.xyz.qa.testcases.ManagerAddCustomerPageTest.verifyInvalidDataAlertMessage(ManagerAddCustomerPageTest.java:60)
... Removed 29 stack frames]]>
    </failure>
  </testcase> <!-- verifyInvalidDataAlertMessage -->
  <testcase classname="com.xyz.qa.testcases.ManagerOpenAccountPageTest" name="verifyOpenAccountAlertMessage" time="2.061"/>
  <testcase classname="com.xyz.qa.testcases.ManagerOpenAccountPageTest" name="verifyOpenAccountAlertMessage1" time="1.47"/>
  <testcase classname="com.xyz.qa.testcases.ManagerCustomersPageTest" name="verifyCustomerDetailsAndDelete" time="1.945"/>
  <testcase classname="com.xyz.qa.testcases.LoginPageTest" name="loginTest" time="1.266"/>
  <testcase classname="com.xyz.qa.testcases.CustomerAccountPageTest" name="verifyCustomerAccountDetails" time="0.371"/>
  <testcase classname="com.xyz.qa.testcases.DepositPageTest" name="depositAmountAndVerifyTransaction" time="1.123"/>
  <testcase classname="com.xyz.qa.testcases.WithdrawPageTest" name="withdrawAmount" time="1.442"/>
  <testcase classname="com.xyz.qa.testcases.TransactionPageTest" name="depositWithdrawAndVerifyTransactions" time="1.436"/>
</testsuite> <!-- XYZ Bank App Test Cases -->
